Using pre-set license
Built from '2022.3/staging' branch; Version is '2022.3.11f1 (d00248457e15) revision 13632072'; Using compiler version '192829333'; Build Type 'Release'
OS: 'Windows 11  (10.0.22631) 64bit Enterprise' Language: 'en' Physical Memory: 32485 MB
BatchMode: 1, IsHumanControllingUs: 0, StartBugReporterOnCrash: 0, Is64bit: 1, IsPro: 1

COMMAND LINE ARGUMENTS:
C:\Program Files\Unity\Hub\Editor\2022.3.11f1\Editor\Unity.exe
-adb2
-batchMode
-noUpm
-name
AssetImportWorker3
-projectPath
C:/Users/SageBrimm/Downloads/workspace/First Project
-logFile
Logs/AssetImportWorker3.log
-srvPort
50202
Successfully changed project path to: C:/Users/SageBrimm/Downloads/workspace/First Project
C:/Users/SageBrimm/Downloads/workspace/First Project
[UnityMemory] Configuration Parameters - Can be set up in boot.config
    "memorysetup-bucket-allocator-granularity=16"
    "memorysetup-bucket-allocator-bucket-count=8"
    "memorysetup-bucket-allocator-block-size=33554432"
    "memorysetup-bucket-allocator-block-count=8"
    "memorysetup-main-allocator-block-size=16777216"
    "memorysetup-thread-allocator-block-size=16777216"
    "memorysetup-gfx-main-allocator-block-size=16777216"
    "memorysetup-gfx-thread-allocator-block-size=16777216"
    "memorysetup-cache-allocator-block-size=4194304"
    "memorysetup-typetree-allocator-block-size=2097152"
    "memorysetup-profiler-bucket-allocator-granularity=16"
    "memorysetup-profiler-bucket-allocator-bucket-count=8"
    "memorysetup-profiler-bucket-allocator-block-size=33554432"
    "memorysetup-profiler-bucket-allocator-block-count=8"
    "memorysetup-profiler-allocator-block-size=16777216"
    "memorysetup-profiler-editor-allocator-block-size=1048576"
    "memorysetup-temp-allocator-size-main=16777216"
    "memorysetup-job-temp-allocator-block-size=2097152"
    "memorysetup-job-temp-allocator-block-size-background=1048576"
    "memorysetup-job-temp-allocator-reduction-small-platforms=262144"
    "memorysetup-allocator-temp-initial-block-size-main=262144"
    "memorysetup-allocator-temp-initial-block-size-worker=262144"
    "memorysetup-temp-allocator-size-background-worker=32768"
    "memorysetup-temp-allocator-size-job-worker=262144"
    "memorysetup-temp-allocator-size-preload-manager=33554432"
    "memorysetup-temp-allocator-size-nav-mesh-worker=65536"
    "memorysetup-temp-allocator-size-audio-worker=65536"
    "memorysetup-temp-allocator-size-cloud-worker=32768"
    "memorysetup-temp-allocator-size-gi-baking-worker=262144"
    "memorysetup-temp-allocator-size-gfx=262144"
Player connection [15884] Host "[IP] 10.5.5.5 [Port] 0 [Flags] 2 [Guid] 2435879385 [EditorId] 2435879385 [Version] 1048832 [Id] WindowsEditor(7,SD-JK9G2Z3) [Debug] 1 [PackageName] WindowsEditor [ProjectName] Editor" joined multi-casting on [225.0.0.222:54997]...

Player connection [15884] Host "[IP] 10.5.5.5 [Port] 0 [Flags] 2 [Guid] 2435879385 [EditorId] 2435879385 [Version] 1048832 [Id] WindowsEditor(7,SD-JK9G2Z3) [Debug] 1 [PackageName] WindowsEditor [ProjectName] Editor" joined alternative multi-casting on [225.0.0.222:34997]...

[Physics::Module] Initialized MultithreadedJobDispatcher with 23 workers.
Refreshing native plugins compatible for Editor in 5.54 ms, found 3 plugins.
Preloading 0 native plugins for Editor in 0.00 ms.
Initialize engine version: 2022.3.11f1 (d00248457e15)
[Subsystems] Discovering subsystems at path C:/Program Files/Unity/Hub/Editor/2022.3.11f1/Editor/Data/Resources/UnitySubsystems
[Subsystems] Discovering subsystems at path C:/Users/SageBrimm/Downloads/workspace/First Project/Assets
GfxDevice: creating device client; threaded=0; jobified=0
Direct3D:
    Version:  Direct3D 11.0 [level 11.1]
    Renderer: NVIDIA GeForce RTX 4060 Ti (ID=0x2803)
    Vendor:   NVIDIA
    VRAM:     7949 MB
    Driver:   32.0.15.5612
Initialize mono
Mono path[0] = 'C:/Program Files/Unity/Hub/Editor/2022.3.11f1/Editor/Data/Managed'
Mono path[1] = 'C:/Program Files/Unity/Hub/Editor/2022.3.11f1/Editor/Data/MonoBleedingEdge/lib/mono/unityjit-win32'
Mono config path = 'C:/Program Files/Unity/Hub/Editor/2022.3.11f1/Editor/Data/MonoBleedingEdge/etc'
Using monoOptions --debugger-agent=transport=dt_socket,embedding=1,server=y,suspend=n,address=127.0.0.1:56064
Begin MonoManager ReloadAssembly
Registering precompiled unity dll's ...
Register platform support module: C:/Program Files/Unity/Hub/Editor/2022.3.11f1/Editor/Data/PlaybackEngines/WindowsStandaloneSupport/UnityEditor.WindowsStandalone.Extensions.dll
Registered in 0.004942 seconds.
- Loaded All Assemblies, in  0.221 seconds
Native extension for WindowsStandalone target not found
Mono: successfully reloaded assembly
- Finished resetting the current domain, in  0.157 seconds
Domain Reload Profiling: 377ms
	BeginReloadAssembly (75ms)
		ExecutionOrderSort (0ms)
		DisableScriptedObjects (0ms)
		BackupInstance (0ms)
		ReleaseScriptingObjects (0ms)
		CreateAndSetChildDomain (1ms)
	RebuildCommonClasses (22ms)
	RebuildNativeTypeToScriptingClass (6ms)
	initialDomainReloadingComplete (35ms)
	LoadAllAssembliesAndSetupDomain (82ms)
		LoadAssemblies (73ms)
		RebuildTransferFunctionScriptingTraits (0ms)
		AnalyzeDomain (81ms)
			TypeCache.Refresh (80ms)
				TypeCache.ScanAssembly (72ms)
			ScanForSourceGeneratedMonoScriptInfo (0ms)
			ResolveRequiredComponents (0ms)
	FinalizeReload (157ms)
		ReleaseScriptCaches (0ms)
		RebuildScriptCaches (0ms)
		SetupLoadedEditorAssemblies (118ms)
			LogAssemblyErrors (0ms)
			InitializePlatformSupportModulesInManaged (7ms)
			SetLoadedEditorAssemblies (5ms)
			RefreshPlugins (0ms)
			BeforeProcessingInitializeOnLoad (1ms)
			ProcessInitializeOnLoadAttributes (78ms)
			ProcessInitializeOnLoadMethodAttributes (28ms)
			AfterProcessingInitializeOnLoad (0ms)
			EditorAssembliesLoaded (0ms)
		ExecutionOrderSort2 (0ms)
		AwakeInstancesAfterBackupRestoration (0ms)
========================================================================
Worker process is ready to serve import requests
Begin MonoManager ReloadAssembly
- Loaded All Assemblies, in  0.480 seconds
Refreshing native plugins compatible for Editor in 3.18 ms, found 3 plugins.
Native extension for WindowsStandalone target not found
Package Manager log level set to [2]
[Package Manager] Server::EnsureServerProcessIsRunning -- launch failed, reason: Unity was launched with the -noUpm command-line argument
[Package Manager] UpmClient::Send -- Unable to send message (not connected to UPM process).
[Package Manager] Cannot connect to Unity Package Manager local server
Mono: successfully reloaded assembly
- Finished resetting the current domain, in  0.382 seconds
Domain Reload Profiling: 862ms
	BeginReloadAssembly (86ms)
		ExecutionOrderSort (0ms)
		DisableScriptedObjects (3ms)
		BackupInstance (0ms)
		ReleaseScriptingObjects (0ms)
		CreateAndSetChildDomain (11ms)
	RebuildCommonClasses (20ms)
	RebuildNativeTypeToScriptingClass (6ms)
	initialDomainReloadingComplete (27ms)
	LoadAllAssembliesAndSetupDomain (340ms)
		LoadAssemblies (282ms)
		RebuildTransferFunctionScriptingTraits (0ms)
		AnalyzeDomain (109ms)
			TypeCache.Refresh (96ms)
				TypeCache.ScanAssembly (87ms)
			ScanForSourceGeneratedMonoScriptInfo (8ms)
			ResolveRequiredComponents (3ms)
	FinalizeReload (383ms)
		ReleaseScriptCaches (0ms)
		RebuildScriptCaches (0ms)
		SetupLoadedEditorAssemblies (289ms)
			LogAssemblyErrors (0ms)
			InitializePlatformSupportModulesInManaged (3ms)
			SetLoadedEditorAssemblies (3ms)
			RefreshPlugins (0ms)
			BeforeProcessingInitializeOnLoad (37ms)
			ProcessInitializeOnLoadAttributes (228ms)
			ProcessInitializeOnLoadMethodAttributes (14ms)
			AfterProcessingInitializeOnLoad (4ms)
			EditorAssembliesLoaded (0ms)
		ExecutionOrderSort2 (0ms)
		AwakeInstancesAfterBackupRestoration (5ms)
Launched and connected shader compiler UnityShaderCompiler.exe after 0.02 seconds
Refreshing native plugins compatible for Editor in 2.01 ms, found 3 plugins.
Preloading 0 native plugins for Editor in 0.00 ms.
Unloading 3091 Unused Serialized files (Serialized files now loaded: 0)
Unloading 32 unused Assets / (56.8 KB). Loaded Objects now: 3552.
Memory consumption went from 121.6 MB to 121.6 MB.
Total: 1.815100 ms (FindLiveObjects: 0.136000 ms CreateObjectMapping: 0.039000 ms MarkObjects: 1.569600 ms  DeleteObjects: 0.069900 ms)

AssetImportParameters requested are different than current active one (requested -> active):
  custom:container-demuxer-ogg: 62fdf1f143b41e24485cea50d1cbac27 -> 
  custom:video-codec-MediaFoundation-h265: 746d11721c4dcdbdad8f713fa42b33f4 -> 
  custom:video-decoder-ogg-theora: a1e56fd34408186e4bbccfd4996cb3dc -> 
  custom:framework-win-MediaFoundation: 216162199b28c13a410421893ffa2e32 -> 
  custom:CustomObjectIndexerAttribute: 756ad292c208cfabdd7b50bc23989ffe -> 
  custom:container-demuxer-webm: 4f35f7cbe854078d1ac9338744f61a02 -> 
  custom:container-muxer-webm: aa71ff27fc2769a1b78a27578f13a17b -> 
  custom:video-decoder-webm-vp8: 9c59270c3fd7afecdb556c50c9e8de78 -> 
  custom:SearchIndexIgnoredProperties: e643bd26f0fe6173181afceb89e7c659 -> 
  custom:AudioImporter_EditorPlatform: d09bf68614088b80899f8185d706f6e7 -> 
  custom:video-encoder-webm-vp8: eb34c28f22e8b96e1ab97ce403110664 -> 
  custom:audio-decoder-ogg-vorbis: bf7c407c2cedff20999df2af8eb42d56 -> 
  custom:audio-encoder-webm-vorbis: bf7c407c2cedff20999df2af8eb42d56 -> 
========================================================================
Received Import Request.
  Time since last request: 1866.530754 seconds.
  path: Assets/Square_Base.fbx
  artifactKey: Guid(4d485d96893710a47a4564b532dcf8b6) Importer(815301076,1909f56bfc062723c751e8b465ee728b)
Start importing Assets/Square_Base.fbx using Guid(4d485d96893710a47a4564b532dcf8b6) Importer(815301076,1909f56bfc062723c751e8b465ee728b)  -> (artifact id: 'ee6deca64b8d2c375c7e98a9195aa7ee') in 0.092491 seconds
Number of updated asset objects reloaded before import = 0
Number of asset objects unloaded after import = 9
========================================================================
Received Import Request.
  Time since last request: 0.000019 seconds.
  path: Assets/Lamp_Post.fbx
  artifactKey: Guid(25210f28c00f11947836d443bb1206d6) Importer(815301076,1909f56bfc062723c751e8b465ee728b)
Start importing Assets/Lamp_Post.fbx using Guid(25210f28c00f11947836d443bb1206d6) Importer(815301076,1909f56bfc062723c751e8b465ee728b)  -> (artifact id: '0d58da1e495774cde6140d5908ae0b1a') in 0.009533 seconds
Number of updated asset objects reloaded before import = 0
Number of asset objects unloaded after import = 9
========================================================================
Received Import Request.
  Time since last request: 0.000015 seconds.
  path: Assets/Turn.fbx
  artifactKey: Guid(38118944187dc524ebdbbdb03ae20fd2) Importer(815301076,1909f56bfc062723c751e8b465ee728b)
Start importing Assets/Turn.fbx using Guid(38118944187dc524ebdbbdb03ae20fd2) Importer(815301076,1909f56bfc062723c751e8b465ee728b)  -> (artifact id: 'fcaf7097418de46f89a645f3c25b422e') in 0.010661 seconds
Number of updated asset objects reloaded before import = 0
Number of asset objects unloaded after import = 9
========================================================================
Received Import Request.
  Time since last request: 0.000033 seconds.
  path: Assets/Tall_Apartment.fbx
  artifactKey: Guid(3eb0ca0d7461f8f4aae2b009cd0e3e3d) Importer(815301076,1909f56bfc062723c751e8b465ee728b)
Start importing Assets/Tall_Apartment.fbx using Guid(3eb0ca0d7461f8f4aae2b009cd0e3e3d) Importer(815301076,1909f56bfc062723c751e8b465ee728b)  -> (artifact id: 'a2428976d2147b5f19986e5ea0aca272') in 0.009130 seconds
Number of updated asset objects reloaded before import = 0
Number of asset objects unloaded after import = 9
========================================================================
Received Import Request.
  Time since last request: 0.000055 seconds.
  path: Assets/T_Intersection.fbx
  artifactKey: Guid(7cb68edb993901b41b4a067cac9729df) Importer(815301076,1909f56bfc062723c751e8b465ee728b)
Start importing Assets/T_Intersection.fbx using Guid(7cb68edb993901b41b4a067cac9729df) Importer(815301076,1909f56bfc062723c751e8b465ee728b)  -> (artifact id: '5c4110e7894193849be02bf6b0682d0a') in 0.008425 seconds
Number of updated asset objects reloaded before import = 0
Number of asset objects unloaded after import = 9
========================================================================
Received Import Request.
  Time since last request: 0.000009 seconds.
  path: Assets/Very_Tall_Apartment.fbx
  artifactKey: Guid(4ad1e25474ba0cf428681c41930525cd) Importer(815301076,1909f56bfc062723c751e8b465ee728b)
Start importing Assets/Very_Tall_Apartment.fbx using Guid(4ad1e25474ba0cf428681c41930525cd) Importer(815301076,1909f56bfc062723c751e8b465ee728b)  -> (artifact id: '80398b66403853c0d07658bc7f7e7798') in 0.009124 seconds
Number of updated asset objects reloaded before import = 0
Number of asset objects unloaded after import = 9
========================================================================
Received Import Request.
  Time since last request: 0.000009 seconds.
  path: Assets/Car.fbx
  artifactKey: Guid(2b054f7abbffdcb488de87c15036c2f0) Importer(815301076,1909f56bfc062723c751e8b465ee728b)
Start importing Assets/Car.fbx using Guid(2b054f7abbffdcb488de87c15036c2f0) Importer(815301076,1909f56bfc062723c751e8b465ee728b)  -> (artifact id: '620cf9db7e13d74f9dd8f400d8e0c413') in 0.008983 seconds
Number of updated asset objects reloaded before import = 0
Number of asset objects unloaded after import = 9
========================================================================
Received Import Request.
  Time since last request: 0.000019 seconds.
  path: Assets/Trash_Can.fbx
  artifactKey: Guid(9d86c1d10d9c2324799bd394598d0b3f) Importer(815301076,1909f56bfc062723c751e8b465ee728b)
Start importing Assets/Trash_Can.fbx using Guid(9d86c1d10d9c2324799bd394598d0b3f) Importer(815301076,1909f56bfc062723c751e8b465ee728b)  -> (artifact id: 'aeb04e298b426ea9b12b877d2619551f') in 0.019017 seconds
Number of updated asset objects reloaded before import = 0
Number of asset objects unloaded after import = 16
========================================================================
Received Import Request.
  Time since last request: 0.000016 seconds.
  path: Assets/Convenience_Store.fbx
  artifactKey: Guid(d2f1e1c36e2384746961b95bad56beb8) Importer(815301076,1909f56bfc062723c751e8b465ee728b)
Start importing Assets/Convenience_Store.fbx using Guid(d2f1e1c36e2384746961b95bad56beb8) Importer(815301076,1909f56bfc062723c751e8b465ee728b)  -> (artifact id: '401eaa774d72754cd542a026ab0872c6') in 0.010696 seconds
Number of updated asset objects reloaded before import = 0
Number of asset objects unloaded after import = 9
========================================================================
Received Import Request.
  Time since last request: 0.000011 seconds.
  path: Assets/MasterMaterialTexture.png
  artifactKey: Guid(d9cf65968dbc0ee42a0dbc22653e14ca) Importer(815301076,1909f56bfc062723c751e8b465ee728b)
Start importing Assets/MasterMaterialTexture.png using Guid(d9cf65968dbc0ee42a0dbc22653e14ca) Importer(815301076,1909f56bfc062723c751e8b465ee728b)  -> (artifact id: '901d063b7a4a6c1b96323915c6493459') in 0.010392 seconds
Number of updated asset objects reloaded before import = 0
Number of asset objects unloaded after import = 2
========================================================================
Received Import Request.
  Time since last request: 0.000058 seconds.
  path: Assets/Intersection.fbx
  artifactKey: Guid(3617d0d4111635545aeb1ef613660808) Importer(815301076,1909f56bfc062723c751e8b465ee728b)
Start importing Assets/Intersection.fbx using Guid(3617d0d4111635545aeb1ef613660808) Importer(815301076,1909f56bfc062723c751e8b465ee728b)  -> (artifact id: 'd4ba2e525566e31abb1ce8607d51f374') in 0.009189 seconds
Number of updated asset objects reloaded before import = 0
Number of asset objects unloaded after import = 9
========================================================================
Received Import Request.
  Time since last request: 0.000011 seconds.
  path: Assets/Street.fbx
  artifactKey: Guid(cdb0f86b255ee03429e3b60c3cf2c255) Importer(815301076,1909f56bfc062723c751e8b465ee728b)
Start importing Assets/Street.fbx using Guid(cdb0f86b255ee03429e3b60c3cf2c255) Importer(815301076,1909f56bfc062723c751e8b465ee728b)  -> (artifact id: '7da394f14219fea6ad2b1cf34a5337c7') in 0.009554 seconds
Number of updated asset objects reloaded before import = 0
Number of asset objects unloaded after import = 9
========================================================================
Received Import Request.
  Time since last request: 0.000013 seconds.
  path: Assets/Tree.fbx
  artifactKey: Guid(eaf70094807d8b54192719a81e06fa1f) Importer(815301076,1909f56bfc062723c751e8b465ee728b)
Start importing Assets/Tree.fbx using Guid(eaf70094807d8b54192719a81e06fa1f) Importer(815301076,1909f56bfc062723c751e8b465ee728b)  -> (artifact id: 'af3f0ce0868efac34e3ebd1e0246c0eb') in 0.011348 seconds
Number of updated asset objects reloaded before import = 0
Number of asset objects unloaded after import = 9
========================================================================
Received Import Request.
  Time since last request: 0.000062 seconds.
  path: Assets/Coffee_Shop.fbx
  artifactKey: Guid(6dbe45983b73a2143896bf50b3390bfd) Importer(815301076,1909f56bfc062723c751e8b465ee728b)
Start importing Assets/Coffee_Shop.fbx using Guid(6dbe45983b73a2143896bf50b3390bfd) Importer(815301076,1909f56bfc062723c751e8b465ee728b)  -> (artifact id: '73251e14c62c39654c6831018dce2234') in 0.011497 seconds
Number of updated asset objects reloaded before import = 0
Number of asset objects unloaded after import = 9
========================================================================
Received Import Request.
  Time since last request: 0.000077 seconds.
  path: Assets/Tire.fbx
  artifactKey: Guid(2779baa61dbec1b47a650168c78c47cd) Importer(815301076,1909f56bfc062723c751e8b465ee728b)
Start importing Assets/Tire.fbx using Guid(2779baa61dbec1b47a650168c78c47cd) Importer(815301076,1909f56bfc062723c751e8b465ee728b)  -> (artifact id: 'f8fa39ccc2d369e48bf7c7b5ccfc3d9b') in 0.009844 seconds
Number of updated asset objects reloaded before import = 0
Number of asset objects unloaded after import = 9
Editor requested this worker to shutdown with reason: Scaling down because of idle timeout
TcpMessagingSession - receive error
AssetImportWorkerClient::OnTransportError - code=2 error=End of file
AssetImportWorker is now disconnected from the server
Process exiting
Exiting without the bug reporter. Application will terminate with return code 0