Using pre-set license
Built from '2022.3/staging' branch; Version is '2022.3.11f1 (d00248457e15) revision 13632072'; Using compiler version '192829333'; Build Type 'Release'
OS: 'Windows 11  (10.0.22631) 64bit Enterprise' Language: 'en' Physical Memory: 32485 MB
BatchMode: 1, IsHumanControllingUs: 0, StartBugReporterOnCrash: 0, Is64bit: 1, IsPro: 1

COMMAND LINE ARGUMENTS:
C:\Program Files\Unity\Hub\Editor\2022.3.11f1\Editor\Unity.exe
-adb2
-batchMode
-noUpm
-name
AssetImportWorker2
-projectPath
C:/Users/SageBrimm/Downloads/workspace/First Project
-logFile
Logs/AssetImportWorker2.log
-srvPort
50202
Successfully changed project path to: C:/Users/SageBrimm/Downloads/workspace/First Project
C:/Users/SageBrimm/Downloads/workspace/First Project
[UnityMemory] Configuration Parameters - Can be set up in boot.config
    "memorysetup-bucket-allocator-granularity=16"
    "memorysetup-bucket-allocator-bucket-count=8"
    "memorysetup-bucket-allocator-block-size=33554432"
    "memorysetup-bucket-allocator-block-count=8"
    "memorysetup-main-allocator-block-size=16777216"
    "memorysetup-thread-allocator-block-size=16777216"
    "memorysetup-gfx-main-allocator-block-size=16777216"
    "memorysetup-gfx-thread-allocator-block-size=16777216"
    "memorysetup-cache-allocator-block-size=4194304"
    "memorysetup-typetree-allocator-block-size=2097152"
    "memorysetup-profiler-bucket-allocator-granularity=16"
    "memorysetup-profiler-bucket-allocator-bucket-count=8"
    "memorysetup-profiler-bucket-allocator-block-size=33554432"
    "memorysetup-profiler-bucket-allocator-block-count=8"
    "memorysetup-profiler-allocator-block-size=16777216"
    "memorysetup-profiler-editor-allocator-block-size=1048576"
    "memorysetup-temp-allocator-size-main=16777216"
    "memorysetup-job-temp-allocator-block-size=2097152"
    "memorysetup-job-temp-allocator-block-size-background=1048576"
    "memorysetup-job-temp-allocator-reduction-small-platforms=262144"
    "memorysetup-allocator-temp-initial-block-size-main=262144"
    "memorysetup-allocator-temp-initial-block-size-worker=262144"
    "memorysetup-temp-allocator-size-background-worker=32768"
    "memorysetup-temp-allocator-size-job-worker=262144"
    "memorysetup-temp-allocator-size-preload-manager=33554432"
    "memorysetup-temp-allocator-size-nav-mesh-worker=65536"
    "memorysetup-temp-allocator-size-audio-worker=65536"
    "memorysetup-temp-allocator-size-cloud-worker=32768"
    "memorysetup-temp-allocator-size-gi-baking-worker=262144"
    "memorysetup-temp-allocator-size-gfx=262144"
Player connection [26044] Host "[IP] 10.5.5.5 [Port] 0 [Flags] 2 [Guid] 2818822047 [EditorId] 2818822047 [Version] 1048832 [Id] WindowsEditor(7,SD-JK9G2Z3) [Debug] 1 [PackageName] WindowsEditor [ProjectName] Editor" joined multi-casting on [225.0.0.222:54997]...

Player connection [26044] Host "[IP] 10.5.5.5 [Port] 0 [Flags] 2 [Guid] 2818822047 [EditorId] 2818822047 [Version] 1048832 [Id] WindowsEditor(7,SD-JK9G2Z3) [Debug] 1 [PackageName] WindowsEditor [ProjectName] Editor" joined alternative multi-casting on [225.0.0.222:34997]...

[Physics::Module] Initialized MultithreadedJobDispatcher with 23 workers.
Refreshing native plugins compatible for Editor in 114.60 ms, found 3 plugins.
Preloading 0 native plugins for Editor in 0.00 ms.
Initialize engine version: 2022.3.11f1 (d00248457e15)
[Subsystems] Discovering subsystems at path C:/Program Files/Unity/Hub/Editor/2022.3.11f1/Editor/Data/Resources/UnitySubsystems
[Subsystems] Discovering subsystems at path C:/Users/SageBrimm/Downloads/workspace/First Project/Assets
GfxDevice: creating device client; threaded=0; jobified=0
Direct3D:
    Version:  Direct3D 11.0 [level 11.1]
    Renderer: NVIDIA GeForce RTX 4060 Ti (ID=0x2803)
    Vendor:   NVIDIA
    VRAM:     7949 MB
    Driver:   32.0.15.5612
Initialize mono
Mono path[0] = 'C:/Program Files/Unity/Hub/Editor/2022.3.11f1/Editor/Data/Managed'
Mono path[1] = 'C:/Program Files/Unity/Hub/Editor/2022.3.11f1/Editor/Data/MonoBleedingEdge/lib/mono/unityjit-win32'
Mono config path = 'C:/Program Files/Unity/Hub/Editor/2022.3.11f1/Editor/Data/MonoBleedingEdge/etc'
Using monoOptions --debugger-agent=transport=dt_socket,embedding=1,server=y,suspend=n,address=127.0.0.1:56264
Begin MonoManager ReloadAssembly
Registering precompiled unity dll's ...
Register platform support module: C:/Program Files/Unity/Hub/Editor/2022.3.11f1/Editor/Data/PlaybackEngines/WindowsStandaloneSupport/UnityEditor.WindowsStandalone.Extensions.dll
Registered in 0.004027 seconds.
- Loaded All Assemblies, in  0.225 seconds
Native extension for WindowsStandalone target not found
Mono: successfully reloaded assembly
- Finished resetting the current domain, in  0.161 seconds
Domain Reload Profiling: 386ms
	BeginReloadAssembly (68ms)
		ExecutionOrderSort (0ms)
		DisableScriptedObjects (0ms)
		BackupInstance (0ms)
		ReleaseScriptingObjects (0ms)
		CreateAndSetChildDomain (1ms)
	RebuildCommonClasses (22ms)
	RebuildNativeTypeToScriptingClass (10ms)
	initialDomainReloadingComplete (33ms)
	LoadAllAssembliesAndSetupDomain (91ms)
		LoadAssemblies (67ms)
		RebuildTransferFunctionScriptingTraits (0ms)
		AnalyzeDomain (90ms)
			TypeCache.Refresh (89ms)
				TypeCache.ScanAssembly (81ms)
			ScanForSourceGeneratedMonoScriptInfo (0ms)
			ResolveRequiredComponents (0ms)
	FinalizeReload (161ms)
		ReleaseScriptCaches (0ms)
		RebuildScriptCaches (0ms)
		SetupLoadedEditorAssemblies (124ms)
			LogAssemblyErrors (0ms)
			InitializePlatformSupportModulesInManaged (5ms)
			SetLoadedEditorAssemblies (5ms)
			RefreshPlugins (0ms)
			BeforeProcessingInitializeOnLoad (1ms)
			ProcessInitializeOnLoadAttributes (78ms)
			ProcessInitializeOnLoadMethodAttributes (34ms)
			AfterProcessingInitializeOnLoad (0ms)
			EditorAssembliesLoaded (0ms)
		ExecutionOrderSort2 (0ms)
		AwakeInstancesAfterBackupRestoration (0ms)
========================================================================
Worker process is ready to serve import requests
Begin MonoManager ReloadAssembly
- Loaded All Assemblies, in  0.490 seconds
Refreshing native plugins compatible for Editor in 1.81 ms, found 3 plugins.
Native extension for WindowsStandalone target not found
Package Manager log level set to [2]
[Package Manager] Server::EnsureServerProcessIsRunning -- launch failed, reason: Unity was launched with the -noUpm command-line argument
[Package Manager] UpmClient::Send -- Unable to send message (not connected to UPM process).
[Package Manager] Cannot connect to Unity Package Manager local server
Mono: successfully reloaded assembly
- Finished resetting the current domain, in  0.376 seconds
Domain Reload Profiling: 864ms
	BeginReloadAssembly (194ms)
		ExecutionOrderSort (0ms)
		DisableScriptedObjects (3ms)
		BackupInstance (0ms)
		ReleaseScriptingObjects (0ms)
		CreateAndSetChildDomain (11ms)
	RebuildCommonClasses (24ms)
	RebuildNativeTypeToScriptingClass (6ms)
	initialDomainReloadingComplete (25ms)
	LoadAllAssembliesAndSetupDomain (238ms)
		LoadAssemblies (278ms)
		RebuildTransferFunctionScriptingTraits (0ms)
		AnalyzeDomain (118ms)
			TypeCache.Refresh (107ms)
				TypeCache.ScanAssembly (97ms)
			ScanForSourceGeneratedMonoScriptInfo (8ms)
			ResolveRequiredComponents (2ms)
	FinalizeReload (376ms)
		ReleaseScriptCaches (0ms)
		RebuildScriptCaches (0ms)
		SetupLoadedEditorAssemblies (284ms)
			LogAssemblyErrors (0ms)
			InitializePlatformSupportModulesInManaged (4ms)
			SetLoadedEditorAssemblies (3ms)
			RefreshPlugins (0ms)
			BeforeProcessingInitializeOnLoad (34ms)
			ProcessInitializeOnLoadAttributes (224ms)
			ProcessInitializeOnLoadMethodAttributes (14ms)
			AfterProcessingInitializeOnLoad (4ms)
			EditorAssembliesLoaded (0ms)
		ExecutionOrderSort2 (0ms)
		AwakeInstancesAfterBackupRestoration (4ms)
Launched and connected shader compiler UnityShaderCompiler.exe after 0.02 seconds
Refreshing native plugins compatible for Editor in 3.66 ms, found 3 plugins.
Preloading 0 native plugins for Editor in 0.00 ms.
Unloading 3091 Unused Serialized files (Serialized files now loaded: 0)
Unloading 32 unused Assets / (56.9 KB). Loaded Objects now: 3552.
Memory consumption went from 121.7 MB to 121.6 MB.
Total: 1.920700 ms (FindLiveObjects: 0.130800 ms CreateObjectMapping: 0.040800 ms MarkObjects: 1.678300 ms  DeleteObjects: 0.070000 ms)

AssetImportParameters requested are different than current active one (requested -> active):
  custom:container-demuxer-ogg: 62fdf1f143b41e24485cea50d1cbac27 -> 
  custom:video-codec-MediaFoundation-h265: 746d11721c4dcdbdad8f713fa42b33f4 -> 
  custom:video-decoder-ogg-theora: a1e56fd34408186e4bbccfd4996cb3dc -> 
  custom:framework-win-MediaFoundation: 216162199b28c13a410421893ffa2e32 -> 
  custom:CustomObjectIndexerAttribute: 756ad292c208cfabdd7b50bc23989ffe -> 
  custom:container-demuxer-webm: 4f35f7cbe854078d1ac9338744f61a02 -> 
  custom:container-muxer-webm: aa71ff27fc2769a1b78a27578f13a17b -> 
  custom:video-decoder-webm-vp8: 9c59270c3fd7afecdb556c50c9e8de78 -> 
  custom:SearchIndexIgnoredProperties: e643bd26f0fe6173181afceb89e7c659 -> 
  custom:AudioImporter_EditorPlatform: d09bf68614088b80899f8185d706f6e7 -> 
  custom:video-encoder-webm-vp8: eb34c28f22e8b96e1ab97ce403110664 -> 
  custom:audio-decoder-ogg-vorbis: bf7c407c2cedff20999df2af8eb42d56 -> 
  custom:audio-encoder-webm-vorbis: bf7c407c2cedff20999df2af8eb42d56 -> 
========================================================================
Received Import Request.
  Time since last request: 1866.718234 seconds.
  path: Assets/Store.fbx
  artifactKey: Guid(95ca71ad5870a284ea4131873dab7908) Importer(815301076,1909f56bfc062723c751e8b465ee728b)
Start importing Assets/Store.fbx using Guid(95ca71ad5870a284ea4131873dab7908) Importer(815301076,1909f56bfc062723c751e8b465ee728b)  -> (artifact id: 'af417d75950257d5b3fcbb77d3b4186c') in 0.090056 seconds
Number of updated asset objects reloaded before import = 0
Number of asset objects unloaded after import = 9
========================================================================
Received Import Request.
  Time since last request: 128.209704 seconds.
  path: Assets/cabinet man
  artifactKey: Guid(c7232c5ab80f71041978111218e74cf5) Importer(815301076,1909f56bfc062723c751e8b465ee728b)
Start importing Assets/cabinet man using Guid(c7232c5ab80f71041978111218e74cf5) Importer(815301076,1909f56bfc062723c751e8b465ee728b)  -> (artifact id: '38700e5366374fcc4c41015369abc931') in 0.000503 seconds
Number of updated asset objects reloaded before import = 0
Number of asset objects unloaded after import = 0
========================================================================
Received Import Request.
  Time since last request: 10.423136 seconds.
  path: Assets/cabinet man/Apartment.fbx
  artifactKey: Guid(45d1978ea1f2810458c3c2d2271df4ac) Importer(815301076,1909f56bfc062723c751e8b465ee728b)
Start importing Assets/cabinet man/Apartment.fbx using Guid(45d1978ea1f2810458c3c2d2271df4ac) Importer(815301076,1909f56bfc062723c751e8b465ee728b)  -> (artifact id: '0a7418fddf003183a5cae345e809fffd') in 0.078760 seconds
Number of updated asset objects reloaded before import = 0
Number of asset objects unloaded after import = 9
========================================================================
Received Import Request.
  Time since last request: 155.084060 seconds.
  path: Assets/cabinet man/Car.fbx
  artifactKey: Guid(2b054f7abbffdcb488de87c15036c2f0) Importer(815301076,1909f56bfc062723c751e8b465ee728b)
Start importing Assets/cabinet man/Car.fbx using Guid(2b054f7abbffdcb488de87c15036c2f0) Importer(815301076,1909f56bfc062723c751e8b465ee728b)  -> (artifact id: 'aba9d3d0a79e5f6dddd8ead2c996df5a') in 0.023358 seconds
Number of updated asset objects reloaded before import = 0
Number of asset objects unloaded after import = 9
========================================================================
Received Import Request.
  Time since last request: 0.000021 seconds.
  path: Assets/cabinet man/Square_Base.fbx
  artifactKey: Guid(4d485d96893710a47a4564b532dcf8b6) Importer(815301076,1909f56bfc062723c751e8b465ee728b)
Start importing Assets/cabinet man/Square_Base.fbx using Guid(4d485d96893710a47a4564b532dcf8b6) Importer(815301076,1909f56bfc062723c751e8b465ee728b)  -> (artifact id: '2d38425daf83d0f6d7c113a0e99bd895') in 0.017242 seconds
Number of updated asset objects reloaded before import = 0
Number of asset objects unloaded after import = 9
========================================================================
Received Import Request.
  Time since last request: 0.000031 seconds.
  path: Assets/cabinet man/Turn.fbx
  artifactKey: Guid(38118944187dc524ebdbbdb03ae20fd2) Importer(815301076,1909f56bfc062723c751e8b465ee728b)
Start importing Assets/cabinet man/Turn.fbx using Guid(38118944187dc524ebdbbdb03ae20fd2) Importer(815301076,1909f56bfc062723c751e8b465ee728b)  -> (artifact id: '69653f8f1f6edabe06968235e35bbb62') in 0.020602 seconds
Number of updated asset objects reloaded before import = 0
Number of asset objects unloaded after import = 9
========================================================================
Received Import Request.
  Time since last request: 0.000030 seconds.
  path: Assets/cabinet man/T_Intersection.fbx
  artifactKey: Guid(7cb68edb993901b41b4a067cac9729df) Importer(815301076,1909f56bfc062723c751e8b465ee728b)
Start importing Assets/cabinet man/T_Intersection.fbx using Guid(7cb68edb993901b41b4a067cac9729df) Importer(815301076,1909f56bfc062723c751e8b465ee728b)  -> (artifact id: '802f3f701d27026a3de00e8178060298') in 0.018885 seconds
Number of updated asset objects reloaded before import = 0
Number of asset objects unloaded after import = 9
========================================================================
Received Import Request.
  Time since last request: 0.000030 seconds.
  path: Assets/cabinet man/Very_Tall_Apartment.fbx
  artifactKey: Guid(4ad1e25474ba0cf428681c41930525cd) Importer(815301076,1909f56bfc062723c751e8b465ee728b)
Start importing Assets/cabinet man/Very_Tall_Apartment.fbx using Guid(4ad1e25474ba0cf428681c41930525cd) Importer(815301076,1909f56bfc062723c751e8b465ee728b)  -> (artifact id: '115ada95418007ac9d796f8ba32093e8') in 0.017711 seconds
Number of updated asset objects reloaded before import = 0
Number of asset objects unloaded after import = 9
========================================================================
Received Import Request.
  Time since last request: 0.000030 seconds.
  path: Assets/cabinet man/Store.fbx
  artifactKey: Guid(95ca71ad5870a284ea4131873dab7908) Importer(815301076,1909f56bfc062723c751e8b465ee728b)
Start importing Assets/cabinet man/Store.fbx using Guid(95ca71ad5870a284ea4131873dab7908) Importer(815301076,1909f56bfc062723c751e8b465ee728b)  -> (artifact id: 'a66ec8e10f623d61201c8c984105fce8') in 0.019901 seconds
Number of updated asset objects reloaded before import = 0
Number of asset objects unloaded after import = 9
========================================================================
Received Import Request.
  Time since last request: 0.000031 seconds.
  path: Assets/cabinet man/Street.fbx
  artifactKey: Guid(cdb0f86b255ee03429e3b60c3cf2c255) Importer(815301076,1909f56bfc062723c751e8b465ee728b)
Start importing Assets/cabinet man/Street.fbx using Guid(cdb0f86b255ee03429e3b60c3cf2c255) Importer(815301076,1909f56bfc062723c751e8b465ee728b)  -> (artifact id: '375e1eea851ad4c8421ff82cc1960abe') in 0.019524 seconds
Number of updated asset objects reloaded before import = 0
Number of asset objects unloaded after import = 9
========================================================================
Received Import Request.
  Time since last request: 0.000031 seconds.
  path: Assets/cabinet man/Tire.fbx
  artifactKey: Guid(2779baa61dbec1b47a650168c78c47cd) Importer(815301076,1909f56bfc062723c751e8b465ee728b)
Start importing Assets/cabinet man/Tire.fbx using Guid(2779baa61dbec1b47a650168c78c47cd) Importer(815301076,1909f56bfc062723c751e8b465ee728b)  -> (artifact id: '8ed8aa68a26702a6d07b3867c4ed5ea2') in 0.014522 seconds
Number of updated asset objects reloaded before import = 0
Number of asset objects unloaded after import = 9
Editor requested this worker to shutdown with reason: Scaling down because of idle timeout
TcpMessagingSession - receive error
AssetImportWorkerClient::OnTransportError - code=2 error=End of file
AssetImportWorker is now disconnected from the server
Process exiting
Exiting without the bug reporter. Application will terminate with return code 0